<?xml version="1.0" encoding="UTF-8"?>
<TestRun id="ac5ae287-487f-48e5-a482-ad8185497785" name="sebas@DESKTOP-25KUBTR 2021-11-30 21:25:06" runUser="DESKTOP-25KUBTR\sebas" xmlns="http://microsoft.com/schemas/VisualStudio/TeamTest/2010">
  <TestSettings name="Local" id="f42b930d-294a-490e-9b3c-bcb0a64ae21e">
    <Description>Esta es la configuración de pruebas predeterminada para una serie de pruebas local.</Description>
    <Execution hostProcessPlatform="MSIL">
      <TestTypeSpecific />
      <AgentRule name="Execution Agents">
      </AgentRule>
    </Execution>
    <Deployment runDeploymentRoot="sebas_DESKTOP-25KUBTR 2021-11-30 21_25_06" />
    <Properties>
      <Property name="TestSettingsUIType" value="LoadTest" />
    </Properties>
  </TestSettings>
  <Times creation="2021-11-30T21:25:06.6819097-06:00" queuing="2021-11-30T21:25:07.0085626-06:00" start="2021-11-30T21:25:07.0931867-06:00" finish="2021-11-30T21:25:18.3225286-06:00" />
  <ResultSummary outcome="Failed">
    <Counters total="1" executed="1" error="0" failed="1" timeout="0" aborted="0" inconclusive="0" passedButRunAborted="0" notRunnable="0" notExecuted="0" disconnected="0" warning="0" passed="0" completed="0" inProgress="0" pending="0" />
  </ResultSummary>
  <TestDefinitions>
    <WebTest name="WebTest1" storage="c:\xampp\htdocs\sukaritas\testsgestorcitas\pruebasdecarga\gestordecitas\gestordecitas\webtest1.webtest" id="15d79646-5413-48e1-a2f4-2f4fc3ff8955" persistedWebTest="77u/PD94bWwgdmVyc2lvbj0iMS4wIiBlbmNvZGluZz0iVVRGLTgiIHN0YW5kYWxvbmU9InllcyI/Pg0KPFdlYlRlc3QgTmFtZT0iV2ViVGVzdDEiIElkPSIxNWQ3OTY0Ni01NDEzLTQ4ZTEtYTJmNC0yZjRmYzNmZjg5NTUiIE93bmVyPSIiIFByaW9yaXR5PSIyMTQ3NDgzNjQ3IiBFbmFibGVkPSJUcnVlIiBDc3NQcm9qZWN0U3RydWN0dXJlPSIiIENzc0l0ZXJhdGlvbj0iIiBUaW1lb3V0PSIwIiBXb3JrSXRlbUlkcz0iIiB4bWxucz0iaHR0cDovL21pY3Jvc29mdC5jb20vc2NoZW1hcy9WaXN1YWxTdHVkaW8vVGVhbVRlc3QvMjAxMCIgRGVzY3JpcHRpb249IiIgQ3JlZGVudGlhbFVzZXJOYW1lPSIiIENyZWRlbnRpYWxQYXNzd29yZD0iIiBQcmVBdXRoZW50aWNhdGU9IlRydWUiIFByb3h5PSJkZWZhdWx0IiBTdG9wT25FcnJvcj0iRmFsc2UiIFJlY29yZGVkUmVzdWx0RmlsZT0iV2ViVGVzdDEuMzkwOGIwY2EtMWRhOS00OWZiLWJkNzUtNDliMzdjN2YxZTgzLnJlYy53ZWJ0ZXN0cmVzdWx0IiBSZXN1bHRzTG9jYWxlPSIiPg0KICA8SXRlbXM+DQogICAgPFJlcXVlc3QgTWV0aG9kPSJHRVQiIEd1aWQ9IjhjYzk0MzVlLTgxMTktNGY0Yy1hZGYwLWE3YjU2ODg4NzVhZSIgVmVyc2lvbj0iMS4xIiBVcmw9Imh0dHA6Ly9sb2NhbGhvc3QvU3VrYXJpdGFzL0dlc3RvckNpdGFzL0xvZ2luL0xvZ2luLnBocCIgVGhpbmtUaW1lPSI5IiBUaW1lb3V0PSIzMDAiIFBhcnNlRGVwZW5kZW50UmVxdWVzdHM9IlRydWUiIEZvbGxvd1JlZGlyZWN0cz0iVHJ1ZSIgUmVjb3JkUmVzdWx0PSJUcnVlIiBDYWNoZT0iRmFsc2UiIFJlc3BvbnNlVGltZUdvYWw9IjAiIEVuY29kaW5nPSJ1dGYtOCIgRXhwZWN0ZWRIdHRwU3RhdHVzQ29kZT0iMCIgRXhwZWN0ZWRSZXNwb25zZVVybD0iIiBSZXBvcnRpbmdOYW1lPSIiIElnbm9yZUh0dHBTdGF0dXNDb2RlPSJGYWxzZSIgLz4NCiAgICA8UmVxdWVzdCBNZXRob2Q9IkdFVCIgR3VpZD0iOTk5MGRjZWEtZTY1ZS00ZTBlLThjYjUtZmJiZDUwMjdhOTA4IiBWZXJzaW9uPSIxLjEiIFVybD0iaHR0cDovL2xvY2FsaG9zdC9TdWthcml0YXMvR2VzdG9yQ2l0YXMvTG9naW4vbG9naW4tZnVuY3Rpb24ucGhwIiBUaGlua1RpbWU9IjAiIFRpbWVvdXQ9IjMwMCIgUGFyc2VEZXBlbmRlbnRSZXF1ZXN0cz0iVHJ1ZSIgRm9sbG93UmVkaXJlY3RzPSJUcnVlIiBSZWNvcmRSZXN1bHQ9IlRydWUiIENhY2hlPSJGYWxzZSIgUmVzcG9uc2VUaW1lR29hbD0iMCIgRW5jb2Rpbmc9InV0Zi04IiBFeHBlY3RlZEh0dHBTdGF0dXNDb2RlPSIwIiBFeHBlY3RlZFJlc3BvbnNlVXJsPSJodHRwOi8vbG9jYWxob3N0L1N1a2FyaXRhcy9HZXN0b3JDaXRhcy9DaXRhcy9jb25zdWx0YXItY2l0YXMucGhwIiBSZXBvcnRpbmdOYW1lPSIiIElnbm9yZUh0dHBTdGF0dXNDb2RlPSJGYWxzZSI+DQogICAgICA8Rm9ybVBvc3RIdHRwQm9keT4NCiAgICAgICAgPEZvcm1Qb3N0UGFyYW1ldGVyIE5hbWU9ImNlZHVsYSIgVmFsdWU9IjExNjYiIFJlY29yZGVkVmFsdWU9IjExNjYiIENvcnJlbGF0aW9uQmluZGluZz0iIiBVcmxFbmNvZGU9IlRydWUiIC8+DQogICAgICAgIDxGb3JtUG9zdFBhcmFtZXRlciBOYW1lPSJjb250cmFzZW5hIiBWYWx1ZT0iMTIzNCIgUmVjb3JkZWRWYWx1ZT0iMTIzNCIgQ29ycmVsYXRpb25CaW5kaW5nPSIiIFVybEVuY29kZT0iVHJ1ZSIgLz4NCiAgICAgIDwvRm9ybVBvc3RIdHRwQm9keT4NCiAgICA8L1JlcXVlc3Q+DQogICAgPFJlcXVlc3QgTWV0aG9kPSJQT1NUIiBHdWlkPSJiNTUwMDcyMi0wMTQ4LTRmOGUtOGQ4NS03ZWM5M2IwYmMxMzgiIFZlcnNpb249IjEuMSIgVXJsPSJodHRwOi8vbG9jYWxob3N0L1N1a2FyaXRhcy9HZXN0b3JDaXRhcy9Mb2dpbi9sb2dpbi1mdW5jdGlvbi5waHAiIFRoaW5rVGltZT0iMCIgVGltZW91dD0iMzAwIiBQYXJzZURlcGVuZGVudFJlcXVlc3RzPSJUcnVlIiBGb2xsb3dSZWRpcmVjdHM9IlRydWUiIFJlY29yZFJlc3VsdD0iVHJ1ZSIgQ2FjaGU9IkZhbHNlIiBSZXNwb25zZVRpbWVHb2FsPSIwIiBFbmNvZGluZz0idXRmLTgiIEV4cGVjdGVkSHR0cFN0YXR1c0NvZGU9IjAiIEV4cGVjdGVkUmVzcG9uc2VVcmw9IiIgUmVwb3J0aW5nTmFtZT0iIiBJZ25vcmVIdHRwU3RhdHVzQ29kZT0iRmFsc2UiPg0KICAgICAgPEhlYWRlcnM+DQogICAgICAgIDxIZWFkZXIgTmFtZT0iUmVmZXJlciIgVmFsdWU9Imh0dHA6Ly9sb2NhbGhvc3QvU3VrYXJpdGFzL0dlc3RvckNpdGFzL0xvZ2luL0xvZ2luLnBocCIgLz4NCiAgICAgIDwvSGVhZGVycz4NCiAgICAgIDxGb3JtUG9zdEh0dHBCb2R5Pg0KICAgICAgICA8Rm9ybVBvc3RQYXJhbWV0ZXIgTmFtZT0iY2VkdWxhIiBWYWx1ZT0iMTE2NiIgUmVjb3JkZWRWYWx1ZT0iMTE2NiIgQ29ycmVsYXRpb25CaW5kaW5nPSIiIFVybEVuY29kZT0iVHJ1ZSIgLz4NCiAgICAgICAgPEZvcm1Qb3N0UGFyYW1ldGVyIE5hbWU9ImNvbnRyYXNlbmEiIFZhbHVlPSIxMjM0IiBSZWNvcmRlZFZhbHVlPSIxMjM0IiBDb3JyZWxhdGlvbkJpbmRpbmc9IiIgVXJsRW5jb2RlPSJUcnVlIiAvPg0KICAgICAgPC9Gb3JtUG9zdEh0dHBCb2R5Pg0KICAgIDwvUmVxdWVzdD4NCiAgPC9JdGVtcz4NCiAgPFZhbGlkYXRpb25SdWxlcz4NCiAgICA8VmFsaWRhdGlvblJ1bGUgQ2xhc3NuYW1lPSJNaWNyb3NvZnQuVmlzdWFsU3R1ZGlvLlRlc3RUb29scy5XZWJUZXN0aW5nLlJ1bGVzLlZhbGlkYXRlUmVzcG9uc2VVcmwsIE1pY3Jvc29mdC5WaXN1YWxTdHVkaW8uUXVhbGl0eVRvb2xzLldlYlRlc3RGcmFtZXdvcmssIFZlcnNpb249MTAuMC4wLjAsIEN1bHR1cmU9bmV1dHJhbCwgUHVibGljS2V5VG9rZW49YjAzZjVmN2YxMWQ1MGEzYSIgRGlzcGxheU5hbWU9IkRpcmVjY2nDs24gVVJMIGRlIHJlc3B1ZXN0YSIgRGVzY3JpcHRpb249IkNvbXBydWViYSBxdWUgbGEgZGlyZWNjacOzbiBVUkwgZGUgcmVzcHVlc3RhIHRyYXMgZWwgc2VndWltaWVudG8gZGUgbGFzIHJlZGlyZWNjaW9uZXMgZXMgbGEgbWlzbWEgcXVlIGxhIGRpcmVjY2nDs24gVVJMIGRlIHJlc3B1ZXN0YSByZWdpc3RyYWRhLiBTZSBvbWl0ZW4gbG9zIHBhcsOhbWV0cm9zIGRlIFF1ZXJ5U3RyaW5nLiIgTGV2ZWw9IkxvdyIgRXhlY3R1aW9uT3JkZXI9IkJlZm9yZURlcGVuZGVudHMiIC8+DQogICAgPFZhbGlkYXRpb25SdWxlIENsYXNzbmFtZT0iTWljcm9zb2Z0LlZpc3VhbFN0dWRpby5UZXN0VG9vbHMuV2ViVGVzdGluZy5SdWxlcy5WYWxpZGF0aW9uUnVsZVJlc3BvbnNlVGltZUdvYWwsIE1pY3Jvc29mdC5WaXN1YWxTdHVkaW8uUXVhbGl0eVRvb2xzLldlYlRlc3RGcmFtZXdvcmssIFZlcnNpb249MTAuMC4wLjAsIEN1bHR1cmU9bmV1dHJhbCwgUHVibGljS2V5VG9rZW49YjAzZjVmN2YxMWQ1MGEzYSIgRGlzcGxheU5hbWU9Ik9iamV0aXZvIGRlIHRpZW1wbyBkZSByZXNwdWVzdGEiIERlc2NyaXB0aW9uPSJWYWxpZGEgcXVlIGVsIHRpZW1wbyBkZSByZXNwdWVzdGEgZGUgbGEgc29saWNpdHVkIHNlYSBtZW5vciBvIGlndWFsIHF1ZSBlbCBvYmpldGl2byBkZSB0aWVtcG8gZGUgcmVzcHVlc3RhIGVzcGVjaWZpY2FkbyBlbiBsYSBzb2xpY2l0dWQuIFNlIHBhc2Fyw6FuIHBvciBhbHRvIGxvcyBvYmpldGl2b3MgZGUgdGllbXBvIGRlIHJlc3B1ZXN0YSBxdWUgc2VhbiBjZXJvLiIgTGV2ZWw9IkxvdyIgRXhlY3R1aW9uT3JkZXI9IkFmdGVyRGVwZW5kZW50cyI+DQogICAgICA8UnVsZVBhcmFtZXRlcnM+DQogICAgICAgIDxSdWxlUGFyYW1ldGVyIE5hbWU9IlRvbGVyYW5jZSIgVmFsdWU9IjAiIC8+DQogICAgICA8L1J1bGVQYXJhbWV0ZXJzPg0KICAgIDwvVmFsaWRhdGlvblJ1bGU+DQogIDwvVmFsaWRhdGlvblJ1bGVzPg0KPC9XZWJUZXN0Pg==">
      <Execution id="8b56f1b8-c073-4a1a-8bbc-0d5d37963c59" />
    </WebTest>
  </TestDefinitions>
  <TestLists>
    <TestList name="Resultados que no están en la lista" id="8c84fa94-04c1-424b-9868-57a2d4851a1d" />
    <TestList name="Todos los resultados cargados" id="19431567-8539-422a-85d7-44ee4e166bda" />
  </TestLists>
  <TestEntries>
    <TestEntry isTransparent="false" testId="15d79646-5413-48e1-a2f4-2f4fc3ff8955" executionId="8b56f1b8-c073-4a1a-8bbc-0d5d37963c59" testListId="8c84fa94-04c1-424b-9868-57a2d4851a1d" />
  </TestEntries>
  <Results>
    <WebTestResult executionId="8b56f1b8-c073-4a1a-8bbc-0d5d37963c59" testId="15d79646-5413-48e1-a2f4-2f4fc3ff8955" testName="WebTest1" computerName="DESKTOP-25KUBTR" duration="00:00:00.3618390" startTime="2021-11-30T21:25:07.2464057-06:00" endTime="2021-11-30T21:25:18.2713399-06:00" testType="4e7599fa-5ecb-43e9-a887-cd63cf72d207" outcome="Failed" testListId="8c84fa94-04c1-424b-9868-57a2d4851a1d" relativeResultsDirectory="8b56f1b8-c073-4a1a-8bbc-0d5d37963c59">
      <Output>
        <ErrorInfo>
          <Message>Error de 2 solicitudes primarias, 0 solicitudes dependientes y 0 reglas condicionales</Message>
        </ErrorInfo>
      </Output>
      <ResultFiles>
        <ResultFile path="WebTest1.webtestResult" />
      </ResultFiles>
      <TestSettings name="Local" id="f42b930d-294a-490e-9b3c-bcb0a64ae21e">
        <Description>Esta es la configuración de pruebas predeterminada para una serie de pruebas local.</Description>
        <Execution hostProcessPlatform="MSIL">
          <TestTypeSpecific>
            <WebTestRunConfiguration testTypeId="4e7599fa-5ecb-43e9-a887-cd63cf72d207">
              <Browser name="Internet Explorer 9.0" MaxConnections="6">
                <Headers>
                  <Header name="User-Agent" value="Mozilla/5.0 (compatible; MSIE 9.0; Windows NT 6.1; Trident/5.0)" />
                  <Header name="Accept" value="*/*" />
                  <Header name="Accept-Language" value="{{$IEAcceptLanguage}}" />
                  <Header name="Accept-Encoding" value="GZIP" />
                </Headers>
              </Browser>
            </WebTestRunConfiguration>
          </TestTypeSpecific>
          <AgentRule name="Execution Agents">
          </AgentRule>
        </Execution>
        <Deployment runDeploymentRoot="sebas_DESKTOP-25KUBTR 2021-11-30 21_25_06" />
        <Properties>
          <Property name="TestSettingsUIType" value="LoadTest" />
        </Properties>
      </TestSettings>
      <WebTestResultFilePath>sebas_DESKTOP-25KUBTR 2021-11-30 21_25_06\In\8b56f1b8-c073-4a1a-8bbc-0d5d37963c59\WebTest1.webtestResult</WebTestResultFilePath>
    </WebTestResult>
  </Results>
</TestRun>