<?xml version="1.0" encoding="UTF-8"?>
<TestRun id="7fb6c7a4-d58c-4501-a483-8575f95a1708" name="sebas@DESKTOP-25KUBTR 2021-11-30 20:50:22" runUser="DESKTOP-25KUBTR\sebas" xmlns="http://microsoft.com/schemas/VisualStudio/TeamTest/2010">
  <TestSettings name="Local" id="f42b930d-294a-490e-9b3c-bcb0a64ae21e">
    <Description>Esta es la configuración de pruebas predeterminada para una serie de pruebas local.</Description>
    <Execution hostProcessPlatform="MSIL">
      <TestTypeSpecific />
      <AgentRule name="Execution Agents">
      </AgentRule>
    </Execution>
    <Deployment runDeploymentRoot="sebas_DESKTOP-25KUBTR 2021-11-30 20_50_22" />
    <Properties>
      <Property name="TestSettingsUIType" value="LoadTest" />
    </Properties>
  </TestSettings>
  <Times creation="2021-11-30T20:50:22.8038466-06:00" queuing="2021-11-30T20:50:23.1229920-06:00" start="2021-11-30T20:50:23.1918084-06:00" finish="2021-11-30T20:50:23.5204620-06:00" />
  <ResultSummary outcome="Completed">
    <Counters total="1" executed="1" passed="1" error="0" failed="0" timeout="0" aborted="0" inconclusive="0" passedButRunAborted="0" notRunnable="0" notExecuted="0" disconnected="0" warning="0" completed="0" inProgress="0" pending="0" />
  </ResultSummary>
  <TestDefinitions>
    <WebTest name="WebTest1" storage="c:\xampp\htdocs\sukaritas\testsgestorcitas\pruebasdecarga\gestordecitas\gestordecitas\webtest1.webtest" id="15d79646-5413-48e1-a2f4-2f4fc3ff8955" persistedWebTest="77u/PD94bWwgdmVyc2lvbj0iMS4wIiBlbmNvZGluZz0iVVRGLTgiIHN0YW5kYWxvbmU9InllcyI/Pg0KPFdlYlRlc3QgTmFtZT0iV2ViVGVzdDEiIElkPSIxNWQ3OTY0Ni01NDEzLTQ4ZTEtYTJmNC0yZjRmYzNmZjg5NTUiIE93bmVyPSIiIFByaW9yaXR5PSIyMTQ3NDgzNjQ3IiBFbmFibGVkPSJUcnVlIiBDc3NQcm9qZWN0U3RydWN0dXJlPSIiIENzc0l0ZXJhdGlvbj0iIiBUaW1lb3V0PSIwIiBXb3JrSXRlbUlkcz0iIiB4bWxucz0iaHR0cDovL21pY3Jvc29mdC5jb20vc2NoZW1hcy9WaXN1YWxTdHVkaW8vVGVhbVRlc3QvMjAxMCIgRGVzY3JpcHRpb249IiIgQ3JlZGVudGlhbFVzZXJOYW1lPSIiIENyZWRlbnRpYWxQYXNzd29yZD0iIiBQcmVBdXRoZW50aWNhdGU9IlRydWUiIFByb3h5PSJkZWZhdWx0IiBTdG9wT25FcnJvcj0iRmFsc2UiIFJlY29yZGVkUmVzdWx0RmlsZT0iV2ViVGVzdDEuZTZhNWU1NTUtZWMwMS00Yzg5LWFjMTUtZjZkNzZhNWYxOWJjLnJlYy53ZWJ0ZXN0cmVzdWx0IiBSZXN1bHRzTG9jYWxlPSIiPg0KICA8VmFsaWRhdGlvblJ1bGVzPg0KICAgIDxWYWxpZGF0aW9uUnVsZSBDbGFzc25hbWU9Ik1pY3Jvc29mdC5WaXN1YWxTdHVkaW8uVGVzdFRvb2xzLldlYlRlc3RpbmcuUnVsZXMuVmFsaWRhdGVSZXNwb25zZVVybCwgTWljcm9zb2Z0LlZpc3VhbFN0dWRpby5RdWFsaXR5VG9vbHMuV2ViVGVzdEZyYW1ld29yaywgVmVyc2lvbj0xMC4wLjAuMCwgQ3VsdHVyZT1uZXV0cmFsLCBQdWJsaWNLZXlUb2tlbj1iMDNmNWY3ZjExZDUwYTNhIiBEaXNwbGF5TmFtZT0iRGlyZWNjacOzbiBVUkwgZGUgcmVzcHVlc3RhIiBEZXNjcmlwdGlvbj0iQ29tcHJ1ZWJhIHF1ZSBsYSBkaXJlY2Npw7NuIFVSTCBkZSByZXNwdWVzdGEgdHJhcyBlbCBzZWd1aW1pZW50byBkZSBsYXMgcmVkaXJlY2Npb25lcyBlcyBsYSBtaXNtYSBxdWUgbGEgZGlyZWNjacOzbiBVUkwgZGUgcmVzcHVlc3RhIHJlZ2lzdHJhZGEuIFNlIG9taXRlbiBsb3MgcGFyw6FtZXRyb3MgZGUgUXVlcnlTdHJpbmcuIiBMZXZlbD0iTG93IiBFeGVjdHVpb25PcmRlcj0iQmVmb3JlRGVwZW5kZW50cyIgLz4NCiAgICA8VmFsaWRhdGlvblJ1bGUgQ2xhc3NuYW1lPSJNaWNyb3NvZnQuVmlzdWFsU3R1ZGlvLlRlc3RUb29scy5XZWJUZXN0aW5nLlJ1bGVzLlZhbGlkYXRpb25SdWxlUmVzcG9uc2VUaW1lR29hbCwgTWljcm9zb2Z0LlZpc3VhbFN0dWRpby5RdWFsaXR5VG9vbHMuV2ViVGVzdEZyYW1ld29yaywgVmVyc2lvbj0xMC4wLjAuMCwgQ3VsdHVyZT1uZXV0cmFsLCBQdWJsaWNLZXlUb2tlbj1iMDNmNWY3ZjExZDUwYTNhIiBEaXNwbGF5TmFtZT0iT2JqZXRpdm8gZGUgdGllbXBvIGRlIHJlc3B1ZXN0YSIgRGVzY3JpcHRpb249IlZhbGlkYSBxdWUgZWwgdGllbXBvIGRlIHJlc3B1ZXN0YSBkZSBsYSBzb2xpY2l0dWQgc2VhIG1lbm9yIG8gaWd1YWwgcXVlIGVsIG9iamV0aXZvIGRlIHRpZW1wbyBkZSByZXNwdWVzdGEgZXNwZWNpZmljYWRvIGVuIGxhIHNvbGljaXR1ZC4gU2UgcGFzYXLDoW4gcG9yIGFsdG8gbG9zIG9iamV0aXZvcyBkZSB0aWVtcG8gZGUgcmVzcHVlc3RhIHF1ZSBzZWFuIGNlcm8uIiBMZXZlbD0iTG93IiBFeGVjdHVpb25PcmRlcj0iQWZ0ZXJEZXBlbmRlbnRzIj4NCiAgICAgIDxSdWxlUGFyYW1ldGVycz4NCiAgICAgICAgPFJ1bGVQYXJhbWV0ZXIgTmFtZT0iVG9sZXJhbmNlIiBWYWx1ZT0iMCIgLz4NCiAgICAgIDwvUnVsZVBhcmFtZXRlcnM+DQogICAgPC9WYWxpZGF0aW9uUnVsZT4NCiAgPC9WYWxpZGF0aW9uUnVsZXM+DQo8L1dlYlRlc3Q+">
      <Execution id="fd4d9497-5115-44f4-b97d-c94eddb07d0c" />
    </WebTest>
  </TestDefinitions>
  <TestLists>
    <TestList name="Resultados que no están en la lista" id="8c84fa94-04c1-424b-9868-57a2d4851a1d" />
    <TestList name="Todos los resultados cargados" id="19431567-8539-422a-85d7-44ee4e166bda" />
  </TestLists>
  <TestEntries>
    <TestEntry isTransparent="false" testId="15d79646-5413-48e1-a2f4-2f4fc3ff8955" executionId="fd4d9497-5115-44f4-b97d-c94eddb07d0c" testListId="8c84fa94-04c1-424b-9868-57a2d4851a1d" />
  </TestEntries>
  <Results>
    <WebTestResult executionId="fd4d9497-5115-44f4-b97d-c94eddb07d0c" testId="15d79646-5413-48e1-a2f4-2f4fc3ff8955" testName="WebTest1" computerName="DESKTOP-25KUBTR" duration="00:00:00.0090141" startTime="2021-11-30T20:50:23.3498972-06:00" endTime="2021-11-30T20:50:23.4835642-06:00" testType="4e7599fa-5ecb-43e9-a887-cd63cf72d207" outcome="Passed" testListId="8c84fa94-04c1-424b-9868-57a2d4851a1d" relativeResultsDirectory="fd4d9497-5115-44f4-b97d-c94eddb07d0c">
      <ResultFiles>
        <ResultFile path="WebTest1.webtestResult" />
      </ResultFiles>
      <TestSettings name="Local" id="f42b930d-294a-490e-9b3c-bcb0a64ae21e">
        <Description>Esta es la configuración de pruebas predeterminada para una serie de pruebas local.</Description>
        <Execution hostProcessPlatform="MSIL">
          <TestTypeSpecific>
            <WebTestRunConfiguration testTypeId="4e7599fa-5ecb-43e9-a887-cd63cf72d207">
              <Browser name="Internet Explorer 9.0" MaxConnections="6">
                <Headers>
                  <Header name="User-Agent" value="Mozilla/5.0 (compatible; MSIE 9.0; Windows NT 6.1; Trident/5.0)" />
                  <Header name="Accept" value="*/*" />
                  <Header name="Accept-Language" value="{{$IEAcceptLanguage}}" />
                  <Header name="Accept-Encoding" value="GZIP" />
                </Headers>
              </Browser>
            </WebTestRunConfiguration>
          </TestTypeSpecific>
          <AgentRule name="Execution Agents">
          </AgentRule>
        </Execution>
        <Deployment runDeploymentRoot="sebas_DESKTOP-25KUBTR 2021-11-30 20_50_22" />
        <Properties>
          <Property name="TestSettingsUIType" value="LoadTest" />
        </Properties>
      </TestSettings>
      <WebTestResultFilePath>sebas_DESKTOP-25KUBTR 2021-11-30 20_50_22\In\fd4d9497-5115-44f4-b97d-c94eddb07d0c\WebTest1.webtestResult</WebTestResultFilePath>
    </WebTestResult>
  </Results>
</TestRun>